<?xml version="1.0" encoding="UTF-8"?>
<!-- Generated by org.testng.reporters.JUnitXMLReporter -->
<testsuite ignored="0" hostname="Harshal-InspironPC" failures="1" tests="2" name="imocha Test" time="88.612" errors="0" timestamp="2024-02-15T16:07:24 IST">
  <testcase classname="com.imocha.testCases.TC_LoginTest_001" name="loginTest" time="10.782">
    <failure type="java.lang.AssertionError" message="expected [true] but found [false]">
      <![CDATA[java.lang.AssertionError: expected [true] but found [false]
at com.imocha.testCases.TC_LoginTest_001.loginTest(TC_LoginTest_001.java:36)
at java.base/java.util.ArrayList.forEach(ArrayList.java:1511)
... Removed 29 stack frames]]>
    </failure>
  </testcase> <!-- loginTest -->
  <testcase classname="com.imocha.testCases.TC_CreateTest" name="createTest" time="69.798"/>
</testsuite> <!-- imocha Test -->
