<?xml version="1.0" encoding="UTF-8"?>
<!-- Generated by org.testng.reporters.JUnitXMLReporter -->
<testsuite ignored="0" hostname="Harshal-InspironPC" failures="1" tests="1" name="imocha Test" time="13.675" errors="0" timestamp="2024-02-15T18:36:39 IST">
  <testcase classname="com.imocha.testCases.TC_CreateMyQuestion" name="createMyQuestion" time="9.801">
    <failure type="java.lang.AssertionError" message="expected [true] but found [false]">
      <![CDATA[java.lang.AssertionError: expected [true] but found [false]
at com.imocha.testCases.TC_CreateMyQuestion.createMyQuestion(TC_CreateMyQuestion.java:53)
at java.base/java.util.ArrayList.forEach(ArrayList.java:1511)
... Removed 29 stack frames]]>
    </failure>
  </testcase> <!-- createMyQuestion -->
</testsuite> <!-- imocha Test -->
