<?xml version="1.0" encoding="UTF-8"?>
<testng-results ignored="0" total="1" passed="1" failed="0" skipped="0">
  <reporter-output>
  </reporter-output>
  <suite started-at="2024-03-13T17:12:26 IST" name="iMocha - TA" finished-at="2024-03-13T17:12:45 IST" duration-ms="18484">
    <groups>
    </groups>
    <test started-at="2024-03-13T17:12:26 IST" name="imocha Test" finished-at="2024-03-13T17:12:45 IST" duration-ms="18484">
      <class name="com.imocha.testCases.TC_LoginTest_001">
        <test-method is-config="true" signature="setup(java.lang.String)[pri:0, instance:com.imocha.testCases.TC_LoginTest_001@6b5176f2]" started-at="2024-03-13T17:12:26 IST" name="setup" finished-at="2024-03-13T17:12:34 IST" duration-ms="7657" status="PASS">
          <params>
            <param index="0">
              <value>
                <![CDATA[edge]]>
              </value>
            </param>
          </params>
          <reporter-output>
          </reporter-output>
        </test-method> <!-- setup -->
        <test-method signature="loginTest()[pri:0, instance:com.imocha.testCases.TC_LoginTest_001@6b5176f2]" started-at="2024-03-13T17:12:34 IST" name="loginTest" finished-at="2024-03-13T17:12:44 IST" duration-ms="10464" status="PASS">
          <reporter-output>
          </reporter-output>
        </test-method> <!-- loginTest -->
        <test-method is-config="true" signature="tearDown()[pri:0, instance:com.imocha.testCases.TC_LoginTest_001@6b5176f2]" started-at="2024-03-13T17:12:44 IST" name="tearDown" finished-at="2024-03-13T17:12:45 IST" duration-ms="143" status="PASS">
          <reporter-output>
          </reporter-output>
        </test-method> <!-- tearDown -->
      </class> <!-- com.imocha.testCases.TC_LoginTest_001 -->
    </test> <!-- imocha Test -->
  </suite> <!-- iMocha - TA -->
</testng-results>
