<?xml version="1.0" encoding="UTF-8"?>
<!-- Generated by org.testng.reporters.JUnitXMLReporter -->
<testsuite ignored="0" hostname="Harshal-InspironPC" failures="1" tests="2" name="imocha Test" time="28.477" errors="0" timestamp="2023-04-05T12:51:47 IST">
  <testcase classname="com.imocha.testCases.TC_LoginTest_001" name="loginTest" time="8.39"/>
  <testcase classname="com.imocha.testCases.TC_CreateTest" name="createTest" time="12.583">
    <failure type="java.lang.AssertionError" message="expected [true] but found [false]">
      <![CDATA[java.lang.AssertionError: expected [true] but found [false]
at com.imocha.testCases.TC_CreateTest.createTest(TC_CreateTest.java:53)
at java.base/java.util.ArrayList.forEach(ArrayList.java:1511)
... Removed 29 stack frames]]>
    </failure>
  </testcase> <!-- createTest -->
</testsuite> <!-- imocha Test -->
